<?xml version="1.0" encoding="UTF-8"?>
<!-- Generated by org.testng.reporters.JUnitReportReporter -->
<testsuite skipped="0" hostname="DESKTOP-PAG85HE" name="com.selenium.test.tadashboard.testcases.DA_LOGIN_TC001_LoginDashboard" tests="2" failures="0" timestamp="11 Jun 2019 15:45:47 GMT" time="13.326" errors="0">
  <testcase name="Valid_Login" time="6.976" classname="com.selenium.test.tadashboard.testcases.DA_LOGIN_TC001_LoginDashboard"/>
  <testcase name="Login_Invalid_Credential" time="6.350" classname="com.selenium.test.tadashboard.testcases.DA_LOGIN_TC001_LoginDashboard"/>
</testsuite> <!-- com.selenium.test.tadashboard.testcases.DA_LOGIN_TC001_LoginDashboard -->
